  MyGame.cpp
h:\desktop\ourgame\maze3d\game\mygame.cpp(20): warning C4305: 'argument': truncation from 'double' to 'float'
h:\desktop\ourgame\maze3d\game\mygame.cpp(21): warning C4305: 'argument': truncation from 'double' to 'float'
h:\desktop\ourgame\maze3d\game\mygame.cpp(171): warning C4244: 'argument': conversion from 'int' to 'float', possible loss of data
h:\desktop\ourgame\maze3d\game\mygame.cpp(196): warning C4244: '=': conversion from 'double' to 'int', possible loss of data
h:\desktop\ourgame\maze3d\game\mygame.cpp(250): warning C4244: 'argument': conversion from 'int' to 'float', possible loss of data
h:\desktop\ourgame\maze3d\game\mygame.cpp(258): warning C4244: 'argument': conversion from 'int' to 'float', possible loss of data
h:\desktop\ourgame\maze3d\game\mygame.cpp(266): warning C4244: 'argument': conversion from 'int' to 'float', possible loss of data
h:\desktop\ourgame\maze3d\game\mygame.cpp(273): warning C4244: 'argument': conversion from 'int' to 'float', possible loss of data
h:\desktop\ourgame\maze3d\game\mygame.cpp(275): warning C4244: 'argument': conversion from 'int' to 'float', possible loss of data
h:\desktop\ourgame\maze3d\game\mygame.cpp(281): warning C4244: 'argument': conversion from 'int' to 'float', possible loss of data
h:\desktop\ourgame\maze3d\game\mygame.cpp(287): warning C4244: 'argument': conversion from 'int' to 'float', possible loss of data
h:\desktop\ourgame\maze3d\game\mygame.cpp(288): warning C4244: 'argument': conversion from 'int' to 'float', possible loss of data
h:\desktop\ourgame\maze3d\game\mygame.cpp(294): warning C4244: 'argument': conversion from 'int' to 'float', possible loss of data
h:\desktop\ourgame\maze3d\game\mygame.cpp(295): warning C4244: 'argument': conversion from 'int' to 'float', possible loss of data
h:\desktop\ourgame\maze3d\game\mygame.cpp(384): warning C4244: '=': conversion from 'double' to 'int', possible loss of data
h:\desktop\ourgame\maze3d\game\mygame.cpp(433): warning C4244: 'argument': conversion from 'int' to 'float', possible loss of data
h:\desktop\ourgame\maze3d\game\mygame.cpp(440): warning C4244: 'argument': conversion from 'int' to 'float', possible loss of data
h:\desktop\ourgame\maze3d\game\mygame.cpp(448): warning C4244: 'argument': conversion from 'int' to 'float', possible loss of data
h:\desktop\ourgame\maze3d\game\mygame.cpp(456): warning C4244: 'argument': conversion from 'int' to 'float', possible loss of data
h:\desktop\ourgame\maze3d\game\mygame.cpp(463): warning C4244: 'argument': conversion from 'int' to 'float', possible loss of data
h:\desktop\ourgame\maze3d\game\mygame.cpp(465): warning C4244: 'argument': conversion from 'int' to 'float', possible loss of data
h:\desktop\ourgame\maze3d\game\mygame.cpp(471): warning C4244: 'argument': conversion from 'int' to 'float', possible loss of data
h:\desktop\ourgame\maze3d\game\mygame.cpp(477): warning C4244: 'argument': conversion from 'int' to 'float', possible loss of data
h:\desktop\ourgame\maze3d\game\mygame.cpp(478): warning C4244: 'argument': conversion from 'int' to 'float', possible loss of data
h:\desktop\ourgame\maze3d\game\mygame.cpp(484): warning C4244: 'argument': conversion from 'int' to 'float', possible loss of data
h:\desktop\ourgame\maze3d\game\mygame.cpp(485): warning C4244: 'argument': conversion from 'int' to 'float', possible loss of data
h:\desktop\ourgame\maze3d\game\mygame.cpp(567): warning C4244: '=': conversion from 'double' to 'int', possible loss of data
h:\desktop\ourgame\maze3d\game\mygame.cpp(617): warning C4244: 'argument': conversion from 'int' to 'float', possible loss of data
h:\desktop\ourgame\maze3d\game\mygame.cpp(626): warning C4244: 'argument': conversion from 'int' to 'float', possible loss of data
h:\desktop\ourgame\maze3d\game\mygame.cpp(859): warning C4244: 'argument': conversion from 'double' to 'float', possible loss of data
h:\desktop\ourgame\maze3d\game\mygame.cpp(860): warning C4244: 'argument': conversion from 'double' to 'float', possible loss of data
h:\desktop\ourgame\maze3d\game\mygame.cpp(1057): warning C4244: '+=': conversion from 'double' to 'int', possible loss of data
h:\desktop\ourgame\maze3d\game\mygame.cpp(1065): warning C4244: '+=': conversion from 'double' to 'int', possible loss of data
h:\desktop\ourgame\maze3d\game\mygame.cpp(1074): warning C4244: '+=': conversion from 'double' to 'int', possible loss of data
h:\desktop\ourgame\maze3d\game\mygame.cpp(1091): warning C4244: 'argument': conversion from 'double' to 'int', possible loss of data
h:\desktop\ourgame\maze3d\game\mygame.cpp(1342): warning C4244: 'argument': conversion from 'float' to 'int', possible loss of data
h:\desktop\ourgame\maze3d\game\mygame.cpp(1348): warning C4244: 'argument': conversion from 'float' to 'int', possible loss of data
h:\desktop\ourgame\maze3d\game\mygame.cpp(1349): warning C4244: 'argument': conversion from 'float' to 'int', possible loss of data
  game.vcxproj -> H:\Desktop\ourgame\Maze3D\Debug\GTECgame.exe
  game.vcxproj -> H:\Desktop\ourgame\Maze3D\Debug\GTECgame.pdb (Full PDB)
